<?xml version="1.0" encoding="UTF-8"?>
<testsuite xmlns:xsi="http://www.w3.org/2001/XMLSchema-instance" xsi:noNamespaceSchemaLocation="https://maven.apache.org/surefire/maven-surefire-plugin/xsd/surefire-test-report-3.0.xsd" version="3.0" name="com.manoj.ApplicationTests" time="8.764" tests="1" errors="0" skipped="0" failures="0">
  <properties>
[...]
</properties>
  <testcase name="contextLoads" classname="com.manoj.ApplicationTests" time="0.903">
    <system-out><![CDATA[15:21:48.790 [main] INFO org.springframework.test.context.support.AnnotationConfigContextLoaderUtils -- Could not detect default configuration classes for test class [com.manoj.ApplicationTests]: ApplicationTests does not declare any static, non-private, non-final, nested classes annotated with @Configuration.
15:21:48.998 [main] INFO org.springframework.boot.test.context.SpringBootTestContextBootstrapper -- Found @SpringBootConfiguration com.manoj.Application for test class com.manoj.ApplicationTests
15:21:49.313 [main] INFO org.springframework.boot.devtools.restart.RestartApplicationListener -- Restart disabled due to context in which it is running

  .   ____          _            __ _ _
 /\\ / ___'_ __ _ _(_)_ __  __ _ \ \ \ \
( ( )\___ | '_ | '_| | '_ \/ _` | \ \ \ \
 \\/  ___)| |_)| | | | | || (_| |  ) ) ) )
  '  |____| .__|_| |_|_| |_\__, | / / / /
 =========|_|==============|___/=/_/_/_/

 :: Spring Boot ::                (v3.3.1)

2024-06-26T15:21:49.674+05:30  INFO 11564 --- [           main] com.manoj.ApplicationTests               : Starting ApplicationTests using Java 17.0.8.1 with PID 11564 (started by Manoj Kumar in H:\WorkSpace for Spring\34-RESTapi-crud-H2DBswagger)
2024-06-26T15:21:49.677+05:30  INFO 11564 --- [           main] com.manoj.ApplicationTests               : No active profile set, falling back to 1 default profile: "default"
2024-06-26T15:21:50.977+05:30  INFO 11564 --- [           main] .s.d.r.c.RepositoryConfigurationDelegate : Bootstrapping Spring Data JPA repositories in DEFAULT mode.
2024-06-26T15:21:51.079+05:30  INFO 11564 --- [           main] .s.d.r.c.RepositoryConfigurationDelegate : Finished Spring Data repository scanning in 82 ms. Found 1 JPA repository interface.
2024-06-26T15:21:51.985+05:30  INFO 11564 --- [           main] o.hibernate.jpa.internal.util.LogHelper  : HHH000204: Processing PersistenceUnitInfo [name: default]
2024-06-26T15:21:52.181+05:30  INFO 11564 --- [           main] org.hibernate.Version                    : HHH000412: Hibernate ORM core version 6.5.2.Final
2024-06-26T15:21:52.296+05:30  INFO 11564 --- [           main] o.h.c.internal.RegionFactoryInitiator    : HHH000026: Second-level cache disabled
2024-06-26T15:21:53.002+05:30  INFO 11564 --- [           main] o.s.o.j.p.SpringPersistenceUnitInfo      : No LoadTimeWeaver setup: ignoring JPA class transformer
2024-06-26T15:21:53.050+05:30  INFO 11564 --- [           main] com.zaxxer.hikari.HikariDataSource       : HikariPool-1 - Starting...
2024-06-26T15:21:53.404+05:30  INFO 11564 --- [           main] com.zaxxer.hikari.pool.HikariPool        : HikariPool-1 - Added connection conn0: url=jdbc:h2:mem:testdb user=USER
2024-06-26T15:21:53.406+05:30  INFO 11564 --- [           main] com.zaxxer.hikari.HikariDataSource       : HikariPool-1 - Start completed.
2024-06-26T15:21:54.660+05:30  INFO 11564 --- [           main] o.h.e.t.j.p.i.JtaPlatformInitiator       : HHH000489: No JTA platform available (set 'hibernate.transaction.jta.platform' to enable JTA platform integration)
Hibernate: create table book_details (book_id integer generated by default as identity, book_name varchar(255), book_price float(53), primary key (book_id))
2024-06-26T15:21:54.726+05:30  INFO 11564 --- [           main] j.LocalContainerEntityManagerFactoryBean : Initialized JPA EntityManagerFactory for persistence unit 'default'
2024-06-26T15:21:55.484+05:30  WARN 11564 --- [           main] JpaBaseConfiguration$JpaWebConfiguration : spring.jpa.open-in-view is enabled by default. Therefore, database queries may be performed during view rendering. Explicitly configure spring.jpa.open-in-view to disable this warning
2024-06-26T15:21:56.326+05:30  INFO 11564 --- [           main] com.manoj.ApplicationTests               : Started ApplicationTests in 7.03 seconds (process running for 9.091)
]]></system-out>
  </testcase>
</testsuite>